WARNING: Invalid search path file.
WdgMtb: ACCESS depth1_om@EXTRUSION is AVAILABLE (CB)
WdgMtb: ACCESS depth1_om@EXTRUSION is AVAILABLE (CB)
WdgMtb: ACCESS depth1_om@EXTRUSION is AVAILABLE (CB)
WdgMtb: ACCESS depth1_om@EXTRUSION is AVAILABLE (CB)
WdgMtb: ACCESS depth2_set_popup@extrev_feature_popup@EXTRUSION is AVAILABLE (CB)
WdgMtb: ACCESS depth1_om@EXTRUSION is AVAILABLE (CB)
WdgMtb: ACCESS depth2_set_popup@extrev_feature_popup@EXTRUSION is AVAILABLE (CB)
WdgMtb: ACCESS depth1_om@EXTRUSION is AVAILABLE (CB)
WdgMtb: ACCESS depth1_om@EXTRUSION is AVAILABLE (CB)
WdgMtb: ACCESS depth1_om@EXTRUSION is AVAILABLE (CB)
WdgMtb: ACCESS depth1_om@EXTRUSION is AVAILABLE (CB)
WdgMtb: ACCESS depth2_set_popup@extrev_feature_popup@EXTRUSION is AVAILABLE (CB)
WdgMtb: ACCESS depth1_om@EXTRUSION is AVAILABLE (CB)
WdgMtb: ACCESS depth2_set_popup@extrev_feature_popup@EXTRUSION is AVAILABLE (CB)
WdgMtb: ACCESS depth1_om@EXTRUSION is AVAILABLE (CB)
WdgMtb: ACCESS depth2_set_popup@extrev_feature_popup@EXTRUSION is AVAILABLE (CB)
WdgMtb: ACCESS SldSrf@BLEND is AVAILABLE (CB)
WdgMtb: ACCESS Trim@BLEND is AVAILABLE (CB)
WdgMtb: ACCESS BlendThinChk@FEATMENU@BLEND is AVAILABLE (CB)
WdgMtb: ACCESS SketSelRG@dashsketselopt@BLEND is AVAILABLE (CB)
WdgMtb: ACCESS DefineRmbBtn@FEATMENU@BLEND is AVAILABLE (CB)
WdgMtb: ACCESS SketchRmbBtn@FEATMENU@BLEND is invisible (UI)
WdgMtb: ACCESS loc_sketch@BLEND is unavailable (CB)
WdgMtb: ACCESS blendcapends@BLEND is unavailable (CB)
WdgMtb: ACCESS SldSrf@BLEND is AVAILABLE (CB)
WdgMtb: ACCESS Trim@BLEND is AVAILABLE (CB)
WdgMtb: ACCESS BlendThinChk@FEATMENU@BLEND is AVAILABLE (CB)
WdgMtb: ACCESS SketSelRG@dashsketselopt@BLEND is AVAILABLE (CB)
WdgMtb: ACCESS DefineRmbBtn@FEATMENU@BLEND is AVAILABLE (CB)
WdgMtb: ACCESS SketchRmbBtn@FEATMENU@BLEND is invisible (UI)
WdgMtb: ACCESS loc_sketch@BLEND is unavailable (CB)
WdgMtb: ACCESS blendcapends@BLEND is unavailable (CB)
WdgMtb: ACCESS SldSrf@BLEND is AVAILABLE (CB)
WdgMtb: ACCESS Trim@BLEND is AVAILABLE (CB)
WdgMtb: ACCESS BlendThinChk@FEATMENU@BLEND is AVAILABLE (CB)
WdgMtb: ACCESS SketSelRG@dashsketselopt@BLEND is AVAILABLE (CB)
WdgMtb: ACCESS DefineRmbBtn@FEATMENU@BLEND is invisible (UI)
WdgMtb: ACCESS SketchRmbBtn@FEATMENU@BLEND is invisible (UI)
WdgMtb: ACCESS loc_sketch@BLEND is unavailable (CB)
WdgMtb: ACCESS blendcapends@BLEND is unavailable (CB)
WdgMtb: ACCESS SldSrf@BLEND is AVAILABLE (CB)
WdgMtb: ACCESS Trim@BLEND is AVAILABLE (CB)
WdgMtb: ACCESS BlendThinChk@FEATMENU@BLEND is AVAILABLE (CB)
WdgMtb: ACCESS SketSelRG@dashsketselopt@BLEND is AVAILABLE (CB)
WdgMtb: ACCESS DefineRmbBtn@FEATMENU@BLEND is invisible (UI)
WdgMtb: ACCESS SketchRmbBtn@FEATMENU@BLEND is invisible (UI)
WdgMtb: ACCESS loc_sketch@BLEND is unavailable (CB)
WdgMtb: ACCESS blendcapends@BLEND is unavailable (CB)
WdgMtb: ACCESS SldSrf@BLEND is AVAILABLE (CB)
WdgMtb: ACCESS Trim@BLEND is AVAILABLE (CB)
WdgMtb: ACCESS BlendThinChk@FEATMENU@BLEND is AVAILABLE (CB)
WdgMtb: ACCESS SketSelRG@dashsketselopt@BLEND is AVAILABLE (CB)
WdgMtb: ACCESS DefineRmbBtn@FEATMENU@BLEND is invisible (UI)
WdgMtb: ACCESS SketchRmbBtn@FEATMENU@BLEND is invisible (UI)
WdgMtb: ACCESS loc_sketch@BLEND is unavailable (CB)
WdgMtb: ACCESS blendcapends@BLEND is unavailable (CB)
WdgMtb: ACCESS SldSrf@BLEND is AVAILABLE (CB)
WdgMtb: ACCESS Trim@BLEND is AVAILABLE (CB)
WdgMtb: ACCESS BlendThinChk@FEATMENU@BLEND is AVAILABLE (CB)
WdgMtb: ACCESS SketSelRG@dashsketselopt@BLEND is AVAILABLE (CB)
WdgMtb: ACCESS DefineRmbBtn@FEATMENU@BLEND is invisible (UI)
WdgMtb: ACCESS SketchRmbBtn@FEATMENU@BLEND is invisible (UI)
WdgMtb: ACCESS loc_sketch@BLEND is unavailable (CB)
WdgMtb: ACCESS blendcapends@BLEND is unavailable (CB)
WdgMtb: ACCESS SldSrf@BLEND is AVAILABLE (CB)
WdgMtb: ACCESS Trim@BLEND is AVAILABLE (CB)
WdgMtb: ACCESS BlendThinChk@FEATMENU@BLEND is AVAILABLE (CB)
WdgMtb: ACCESS SketSelRG@dashsketselopt@BLEND is AVAILABLE (CB)
WdgMtb: ACCESS DefineRmbBtn@FEATMENU@BLEND is invisible (UI)
WdgMtb: ACCESS SketchRmbBtn@FEATMENU@BLEND is invisible (UI)
WdgMtb: ACCESS loc_sketch@BLEND is unavailable (CB)
WdgMtb: ACCESS blendcapends@BLEND is unavailable (CB)
WdgMtb: ACCESS SldSrf@BLEND is AVAILABLE (CB)
WdgMtb: ACCESS Trim@BLEND is AVAILABLE (CB)
WdgMtb: ACCESS BlendThinChk@FEATMENU@BLEND is AVAILABLE (CB)
WdgMtb: ACCESS SketSelRG@dashsketselopt@BLEND is AVAILABLE (CB)
WdgMtb: ACCESS DefineRmbBtn@FEATMENU@BLEND is invisible (UI)
WdgMtb: ACCESS SketchRmbBtn@FEATMENU@BLEND is invisible (UI)
WdgMtb: ACCESS loc_sketch@BLEND is unavailable (CB)
WdgMtb: ACCESS blendcapends@BLEND is unavailable (CB)
WdgMtb: ACCESS SldSrf@BLEND is AVAILABLE (CB)
WdgMtb: ACCESS Trim@BLEND is AVAILABLE (CB)
WdgMtb: ACCESS BlendThinChk@FEATMENU@BLEND is AVAILABLE (CB)
WdgMtb: ACCESS SketSelRG@dashsketselopt@BLEND is AVAILABLE (CB)
WdgMtb: ACCESS DefineRmbBtn@FEATMENU@BLEND is invisible (UI)
WdgMtb: ACCESS SketchRmbBtn@FEATMENU@BLEND is invisible (UI)
WdgMtb: ACCESS loc_sketch@BLEND is unavailable (CB)
WdgMtb: ACCESS blendcapends@BLEND is unavailable (CB)
WdgMtb: ACCESS SldSrf@BLEND is AVAILABLE (CB)
WdgMtb: ACCESS Trim@BLEND is AVAILABLE (CB)
WdgMtb: ACCESS BlendThinChk@FEATMENU@BLEND is AVAILABLE (CB)
WdgMtb: ACCESS SketSelRG@dashsketselopt@BLEND is AVAILABLE (CB)
WdgMtb: ACCESS DefineRmbBtn@FEATMENU@BLEND is invisible (UI)
WdgMtb: ACCESS SketchRmbBtn@FEATMENU@BLEND is invisible (UI)
WdgMtb: ACCESS loc_sketch@BLEND is unavailable (CB)
WdgMtb: ACCESS blendcapends@BLEND is unavailable (CB)
WdgMtb: ACCESS SldSrf@BLEND is AVAILABLE (CB)
WdgMtb: ACCESS Trim@BLEND is AVAILABLE (CB)
WdgMtb: ACCESS BlendThinChk@FEATMENU@BLEND is AVAILABLE (CB)
WdgMtb: ACCESS SketSelRG@dashsketselopt@BLEND is AVAILABLE (CB)
WdgMtb: ACCESS DefineRmbBtn@FEATMENU@BLEND is invisible (UI)
WdgMtb: ACCESS SketchRmbBtn@FEATMENU@BLEND is invisible (UI)
WdgMtb: ACCESS loc_sketch@BLEND is unavailable (CB)
WdgMtb: ACCESS blendcapends@BLEND is unavailable (CB)
WdgMtb: ACCESS SldSrf@BLEND is AVAILABLE (CB)
WdgMtb: ACCESS Trim@BLEND is AVAILABLE (CB)
WdgMtb: ACCESS BlendThinChk@FEATMENU@BLEND is AVAILABLE (CB)
WdgMtb: ACCESS SketSelRG@dashsketselopt@BLEND is AVAILABLE (CB)
WdgMtb: ACCESS DefineRmbBtn@FEATMENU@BLEND is invisible (UI)
WdgMtb: ACCESS SketchRmbBtn@FEATMENU@BLEND is invisible (UI)
WdgMtb: ACCESS loc_sketch@BLEND is AVAILABLE (CB)
WdgMtb: ACCESS blendcapends@BLEND is unavailable (CB)
WdgMtb: ACCESS SldSrf@BLEND is invisible (UI)
WdgMtb: ACCESS Trim@BLEND is invisible (UI)
WdgMtb: ACCESS BlendThinChk@FEATMENU@BLEND is invisible (UI)
WdgMtb: ACCESS SketSelRG@dashsketselopt@BLEND is invisible (UI)
WdgMtb: ACCESS DefineRmbBtn@FEATMENU@BLEND is invisible (UI)
WdgMtb: ACCESS SketchRmbBtn@FEATMENU@BLEND is invisible (UI)
WdgMtb: ACCESS loc_sketch@BLEND is invisible (UI)
WdgMtb: ACCESS blendcapends@BLEND is invisible (UI)
WdgMtb: ACCESS SldSrf@BLEND is invisible (UI)
WdgMtb: ACCESS Trim@BLEND is invisible (UI)
WdgMtb: ACCESS BlendThinChk@FEATMENU@BLEND is invisible (UI)
WdgMtb: ACCESS SketSelRG@dashsketselopt@BLEND is invisible (UI)
WdgMtb: ACCESS DefineRmbBtn@FEATMENU@BLEND is invisible (UI)
WdgMtb: ACCESS SketchRmbBtn@FEATMENU@BLEND is invisible (UI)
WdgMtb: ACCESS loc_sketch@BLEND is invisible (UI)
WdgMtb: ACCESS blendcapends@BLEND is invisible (UI)
WdgMtb: ACCESS SldSrf@BLEND is invisible (UI)
WdgMtb: ACCESS Trim@BLEND is invisible (UI)
WdgMtb: ACCESS BlendThinChk@FEATMENU@BLEND is invisible (UI)
WdgMtb: ACCESS SketSelRG@dashsketselopt@BLEND is invisible (UI)
WdgMtb: ACCESS DefineRmbBtn@FEATMENU@BLEND is invisible (UI)
WdgMtb: ACCESS SketchRmbBtn@FEATMENU@BLEND is invisible (UI)
WdgMtb: ACCESS loc_sketch@BLEND is invisible (UI)
WdgMtb: ACCESS blendcapends@BLEND is invisible (UI)
WdgMtb: ACCESS SldSrf@BLEND is invisible (UI)
WdgMtb: ACCESS Trim@BLEND is invisible (UI)
WdgMtb: ACCESS BlendThinChk@FEATMENU@BLEND is invisible (UI)
WdgMtb: ACCESS SketSelRG@dashsketselopt@BLEND is invisible (UI)
WdgMtb: ACCESS DefineRmbBtn@FEATMENU@BLEND is invisible (UI)
WdgMtb: ACCESS SketchRmbBtn@FEATMENU@BLEND is invisible (UI)
WdgMtb: ACCESS loc_sketch@BLEND is invisible (UI)
WdgMtb: ACCESS blendcapends@BLEND is invisible (UI)
WdgMtb: ACCESS SldSrf@BLEND is invisible (UI)
WdgMtb: ACCESS Trim@BLEND is invisible (UI)
WdgMtb: ACCESS BlendThinChk@FEATMENU@BLEND is invisible (UI)
WdgMtb: ACCESS SketSelRG@dashsketselopt@BLEND is invisible (UI)
WdgMtb: ACCESS DefineRmbBtn@FEATMENU@BLEND is invisible (UI)
WdgMtb: ACCESS SketchRmbBtn@FEATMENU@BLEND is invisible (UI)
WdgMtb: ACCESS loc_sketch@BLEND is invisible (UI)
WdgMtb: ACCESS blendcapends@BLEND is invisible (UI)
WdgMtb: ACCESS SldSrf@BLEND is invisible (UI)
WdgMtb: ACCESS Trim@BLEND is invisible (UI)
WdgMtb: ACCESS BlendThinChk@FEATMENU@BLEND is invisible (UI)
WdgMtb: ACCESS SketSelRG@dashsketselopt@BLEND is invisible (UI)
WdgMtb: ACCESS DefineRmbBtn@FEATMENU@BLEND is invisible (UI)
WdgMtb: ACCESS SketchRmbBtn@FEATMENU@BLEND is invisible (UI)
WdgMtb: ACCESS loc_sketch@BLEND is invisible (UI)
WdgMtb: ACCESS blendcapends@BLEND is invisible (UI)
WdgMtb: ACCESS SldSrf@BLEND is invisible (UI)
WdgMtb: ACCESS Trim@BLEND is invisible (UI)
WdgMtb: ACCESS BlendThinChk@FEATMENU@BLEND is invisible (UI)
WdgMtb: ACCESS SketSelRG@dashsketselopt@BLEND is invisible (UI)
WdgMtb: ACCESS DefineRmbBtn@FEATMENU@BLEND is invisible (UI)
WdgMtb: ACCESS SketchRmbBtn@FEATMENU@BLEND is invisible (UI)
WdgMtb: ACCESS loc_sketch@BLEND is invisible (UI)
WdgMtb: ACCESS blendcapends@BLEND is invisible (UI)
WdgMtb: ACCESS SldSrf@BLEND is invisible (UI)
WdgMtb: ACCESS Trim@BLEND is invisible (UI)
WdgMtb: ACCESS BlendThinChk@FEATMENU@BLEND is invisible (UI)
WdgMtb: ACCESS SketSelRG@dashsketselopt@BLEND is invisible (UI)
WdgMtb: ACCESS DefineRmbBtn@FEATMENU@BLEND is invisible (UI)
WdgMtb: ACCESS SketchRmbBtn@FEATMENU@BLEND is invisible (UI)
WdgMtb: ACCESS loc_sketch@BLEND is invisible (UI)
WdgMtb: ACCESS blendcapends@BLEND is invisible (UI)
WdgMtb: ACCESS SldSrf@BLEND is invisible (UI)
WdgMtb: ACCESS Trim@BLEND is invisible (UI)
WdgMtb: ACCESS BlendThinChk@FEATMENU@BLEND is invisible (UI)
WdgMtb: ACCESS SketSelRG@dashsketselopt@BLEND is invisible (UI)
WdgMtb: ACCESS DefineRmbBtn@FEATMENU@BLEND is invisible (UI)
WdgMtb: ACCESS SketchRmbBtn@FEATMENU@BLEND is invisible (UI)
WdgMtb: ACCESS loc_sketch@BLEND is invisible (UI)
WdgMtb: ACCESS blendcapends@BLEND is invisible (UI)
WdgMtb: ACCESS SldSrf@BLEND is invisible (UI)
WdgMtb: ACCESS Trim@BLEND is invisible (UI)
WdgMtb: ACCESS BlendThinChk@FEATMENU@BLEND is invisible (UI)
WdgMtb: ACCESS SketSelRG@dashsketselopt@BLEND is invisible (UI)
WdgMtb: ACCESS DefineRmbBtn@FEATMENU@BLEND is invisible (UI)
WdgMtb: ACCESS SketchRmbBtn@FEATMENU@BLEND is invisible (UI)
WdgMtb: ACCESS loc_sketch@BLEND is invisible (UI)
WdgMtb: ACCESS blendcapends@BLEND is invisible (UI)
WdgMtb: ACCESS SldSrf@BLEND is invisible (UI)
WdgMtb: ACCESS Trim@BLEND is invisible (UI)
WdgMtb: ACCESS BlendThinChk@FEATMENU@BLEND is invisible (UI)
WdgMtb: ACCESS SketSelRG@dashsketselopt@BLEND is invisible (UI)
WdgMtb: ACCESS DefineRmbBtn@FEATMENU@BLEND is invisible (UI)
WdgMtb: ACCESS SketchRmbBtn@FEATMENU@BLEND is invisible (UI)
WdgMtb: ACCESS loc_sketch@BLEND is invisible (UI)
WdgMtb: ACCESS blendcapends@BLEND is invisible (UI)
WdgMtb: ACCESS SldSrf@BLEND is invisible (UI)
WdgMtb: ACCESS Trim@BLEND is invisible (UI)
WdgMtb: ACCESS BlendThinChk@FEATMENU@BLEND is invisible (UI)
WdgMtb: ACCESS SketSelRG@dashsketselopt@BLEND is invisible (UI)
WdgMtb: ACCESS DefineRmbBtn@FEATMENU@BLEND is invisible (UI)
WdgMtb: ACCESS SketchRmbBtn@FEATMENU@BLEND is invisible (UI)
WdgMtb: ACCESS loc_sketch@BLEND is invisible (UI)
WdgMtb: ACCESS blendcapends@BLEND is invisible (UI)
WdgMtb: ACCESS SldSrf@BLEND is invisible (UI)
WdgMtb: ACCESS Trim@BLEND is invisible (UI)
WdgMtb: ACCESS BlendThinChk@FEATMENU@BLEND is invisible (UI)
WdgMtb: ACCESS SketSelRG@dashsketselopt@BLEND is invisible (UI)
WdgMtb: ACCESS DefineRmbBtn@FEATMENU@BLEND is invisible (UI)
WdgMtb: ACCESS SketchRmbBtn@FEATMENU@BLEND is invisible (UI)
WdgMtb: ACCESS loc_sketch@BLEND is invisible (UI)
WdgMtb: ACCESS blendcapends@BLEND is invisible (UI)
WdgMtb: ACCESS SldSrf@BLEND is invisible (UI)
WdgMtb: ACCESS Trim@BLEND is invisible (UI)
WdgMtb: ACCESS BlendThinChk@FEATMENU@BLEND is invisible (UI)
WdgMtb: ACCESS SketSelRG@dashsketselopt@BLEND is invisible (UI)
WdgMtb: ACCESS DefineRmbBtn@FEATMENU@BLEND is invisible (UI)
WdgMtb: ACCESS SketchRmbBtn@FEATMENU@BLEND is invisible (UI)
WdgMtb: ACCESS loc_sketch@BLEND is invisible (UI)
WdgMtb: ACCESS blendcapends@BLEND is invisible (UI)
WdgMtb: ACCESS SldSrf@BLEND is invisible (UI)
WdgMtb: ACCESS Trim@BLEND is invisible (UI)
WdgMtb: ACCESS BlendThinChk@FEATMENU@BLEND is invisible (UI)
WdgMtb: ACCESS SketSelRG@dashsketselopt@BLEND is invisible (UI)
WdgMtb: ACCESS DefineRmbBtn@FEATMENU@BLEND is invisible (UI)
WdgMtb: ACCESS SketchRmbBtn@FEATMENU@BLEND is invisible (UI)
WdgMtb: ACCESS loc_sketch@BLEND is invisible (UI)
WdgMtb: ACCESS blendcapends@BLEND is invisible (UI)
WdgMtb: ACCESS SldSrf@BLEND is invisible (UI)
WdgMtb: ACCESS Trim@BLEND is invisible (UI)
WdgMtb: ACCESS BlendThinChk@FEATMENU@BLEND is invisible (UI)
WdgMtb: ACCESS SketSelRG@dashsketselopt@BLEND is invisible (UI)
WdgMtb: ACCESS DefineRmbBtn@FEATMENU@BLEND is invisible (UI)
WdgMtb: ACCESS SketchRmbBtn@FEATMENU@BLEND is invisible (UI)
WdgMtb: ACCESS loc_sketch@BLEND is invisible (UI)
WdgMtb: ACCESS blendcapends@BLEND is invisible (UI)
added rg_transition record: rg_id_tab={} 0added rg_transition record: rg_id_tab={} 0added rg_transition record: rg_id_tab={} 0added rg_transition record: rg_id_tab={} 0added rg_transition record: rg_id_tab={} 0added rg_transition record: rg_id_tab={} 0added rg_transition record: rg_id_tab={} 0added rg_transition record: rg_id_tab={} 0added rg_transition record: rg_id_tab={} 0added rg_transition record: rg_id_tab={} 0added rg_transition record: rg_id_tab={} 0added rg_transition record: rg_id_tab={} 0added rg_transition record: rg_id_tab={} 0added rg_transition record: rg_id_tab={} 0added rg_transition record: rg_id_tab={} 0WdgMtb: ACCESS SldSrf@BLEND is invisible (UI)
WdgMtb: ACCESS Trim@BLEND is invisible (UI)
WdgMtb: ACCESS BlendThinChk@FEATMENU@BLEND is invisible (UI)
WdgMtb: ACCESS SketSelRG@dashsketselopt@BLEND is invisible (UI)
WdgMtb: ACCESS DefineRmbBtn@FEATMENU@BLEND is invisible (UI)
WdgMtb: ACCESS SketchRmbBtn@FEATMENU@BLEND is invisible (UI)
WdgMtb: ACCESS loc_sketch@BLEND is invisible (UI)
WdgMtb: ACCESS blendcapends@BLEND is invisible (UI)
WdgMtb: ACCESS SldSrf@BLEND is invisible (UI)
WdgMtb: ACCESS Trim@BLEND is invisible (UI)
WdgMtb: ACCESS BlendThinChk@FEATMENU@BLEND is invisible (UI)
WdgMtb: ACCESS SketSelRG@dashsketselopt@BLEND is invisible (UI)
WdgMtb: ACCESS DefineRmbBtn@FEATMENU@BLEND is invisible (UI)
WdgMtb: ACCESS SketchRmbBtn@FEATMENU@BLEND is invisible (UI)
WdgMtb: ACCESS loc_sketch@BLEND is invisible (UI)
WdgMtb: ACCESS blendcapends@BLEND is invisible (UI)
WdgMtb: ACCESS SldSrf@BLEND is invisible (UI)
WdgMtb: ACCESS Trim@BLEND is invisible (UI)
WdgMtb: ACCESS BlendThinChk@FEATMENU@BLEND is invisible (UI)
WdgMtb: ACCESS SketSelRG@dashsketselopt@BLEND is invisible (UI)
WdgMtb: ACCESS DefineRmbBtn@FEATMENU@BLEND is invisible (UI)
WdgMtb: ACCESS SketchRmbBtn@FEATMENU@BLEND is invisible (UI)
WdgMtb: ACCESS loc_sketch@BLEND is invisible (UI)
WdgMtb: ACCESS blendcapends@BLEND is invisible (UI)
WdgMtb: ACCESS SldSrf@BLEND is invisible (UI)
WdgMtb: ACCESS Trim@BLEND is invisible (UI)
WdgMtb: ACCESS BlendThinChk@FEATMENU@BLEND is invisible (UI)
WdgMtb: ACCESS SketSelRG@dashsketselopt@BLEND is invisible (UI)
WdgMtb: ACCESS DefineRmbBtn@FEATMENU@BLEND is invisible (UI)
WdgMtb: ACCESS SketchRmbBtn@FEATMENU@BLEND is invisible (UI)
WdgMtb: ACCESS loc_sketch@BLEND is invisible (UI)
WdgMtb: ACCESS blendcapends@BLEND is invisible (UI)
WdgMtb: ACCESS SldSrf@BLEND is invisible (UI)
WdgMtb: ACCESS Trim@BLEND is invisible (UI)
WdgMtb: ACCESS BlendThinChk@FEATMENU@BLEND is invisible (UI)
WdgMtb: ACCESS SketSelRG@dashsketselopt@BLEND is invisible (UI)
WdgMtb: ACCESS DefineRmbBtn@FEATMENU@BLEND is invisible (UI)
WdgMtb: ACCESS SketchRmbBtn@FEATMENU@BLEND is invisible (UI)
WdgMtb: ACCESS loc_sketch@BLEND is invisible (UI)
WdgMtb: ACCESS blendcapends@BLEND is invisible (UI)
WdgMtb: ACCESS SldSrf@BLEND is invisible (UI)
WdgMtb: ACCESS Trim@BLEND is invisible (UI)
WdgMtb: ACCESS BlendThinChk@FEATMENU@BLEND is invisible (UI)
WdgMtb: ACCESS SketSelRG@dashsketselopt@BLEND is invisible (UI)
WdgMtb: ACCESS DefineRmbBtn@FEATMENU@BLEND is invisible (UI)
WdgMtb: ACCESS SketchRmbBtn@FEATMENU@BLEND is invisible (UI)
WdgMtb: ACCESS loc_sketch@BLEND is invisible (UI)
WdgMtb: ACCESS blendcapends@BLEND is invisible (UI)
WdgMtb: ACCESS SldSrf@BLEND is invisible (UI)
WdgMtb: ACCESS Trim@BLEND is invisible (UI)
WdgMtb: ACCESS BlendThinChk@FEATMENU@BLEND is invisible (UI)
WdgMtb: ACCESS SketSelRG@dashsketselopt@BLEND is invisible (UI)
WdgMtb: ACCESS DefineRmbBtn@FEATMENU@BLEND is invisible (UI)
WdgMtb: ACCESS SketchRmbBtn@FEATMENU@BLEND is invisible (UI)
WdgMtb: ACCESS loc_sketch@BLEND is invisible (UI)
WdgMtb: ACCESS blendcapends@BLEND is invisible (UI)
WdgMtb: ACCESS SldSrf@BLEND is invisible (UI)
WdgMtb: ACCESS Trim@BLEND is invisible (UI)
WdgMtb: ACCESS BlendThinChk@FEATMENU@BLEND is invisible (UI)
WdgMtb: ACCESS SketSelRG@dashsketselopt@BLEND is invisible (UI)
WdgMtb: ACCESS DefineRmbBtn@FEATMENU@BLEND is invisible (UI)
WdgMtb: ACCESS SketchRmbBtn@FEATMENU@BLEND is invisible (UI)
WdgMtb: ACCESS loc_sketch@BLEND is invisible (UI)
WdgMtb: ACCESS blendcapends@BLEND is invisible (UI)
WdgMtb: ACCESS SldSrf@BLEND is invisible (UI)
WdgMtb: ACCESS Trim@BLEND is invisible (UI)
WdgMtb: ACCESS BlendThinChk@FEATMENU@BLEND is invisible (UI)
WdgMtb: ACCESS SketSelRG@dashsketselopt@BLEND is invisible (UI)
WdgMtb: ACCESS DefineRmbBtn@FEATMENU@BLEND is invisible (UI)
WdgMtb: ACCESS SketchRmbBtn@FEATMENU@BLEND is invisible (UI)
WdgMtb: ACCESS loc_sketch@BLEND is invisible (UI)
WdgMtb: ACCESS blendcapends@BLEND is invisible (UI)
WdgMtb: ACCESS SldSrf@BLEND is AVAILABLE (CB)
WdgMtb: ACCESS Trim@BLEND is AVAILABLE (CB)
WdgMtb: ACCESS BlendThinChk@FEATMENU@BLEND is AVAILABLE (CB)
WdgMtb: ACCESS SketSelRG@dashsketselopt@BLEND is AVAILABLE (CB)
WdgMtb: ACCESS DefineRmbBtn@FEATMENU@BLEND is invisible (UI)
WdgMtb: ACCESS SketchRmbBtn@FEATMENU@BLEND is invisible (UI)
WdgMtb: ACCESS loc_sketch@BLEND is AVAILABLE (CB)
WdgMtb: ACCESS blendcapends@BLEND is unavailable (CB)
WdgMtb: ACCESS SldSrf@BLEND is AVAILABLE (CB)
WdgMtb: ACCESS Trim@BLEND is AVAILABLE (CB)
WdgMtb: ACCESS BlendThinChk@FEATMENU@BLEND is AVAILABLE (CB)
WdgMtb: ACCESS SketSelRG@dashsketselopt@BLEND is AVAILABLE (CB)
WdgMtb: ACCESS DefineRmbBtn@FEATMENU@BLEND is invisible (UI)
WdgMtb: ACCESS SketchRmbBtn@FEATMENU@BLEND is invisible (UI)
WdgMtb: ACCESS loc_sketch@BLEND is AVAILABLE (CB)
WdgMtb: ACCESS blendcapends@BLEND is unavailable (CB)
WdgMtb: ACCESS SldSrf@BLEND is AVAILABLE (CB)
WdgMtb: ACCESS Trim@BLEND is AVAILABLE (CB)
WdgMtb: ACCESS BlendThinChk@FEATMENU@BLEND is AVAILABLE (CB)
WdgMtb: ACCESS SketSelRG@dashsketselopt@BLEND is AVAILABLE (CB)
WdgMtb: ACCESS DefineRmbBtn@FEATMENU@BLEND is invisible (UI)
WdgMtb: ACCESS SketchRmbBtn@FEATMENU@BLEND is invisible (UI)
WdgMtb: ACCESS loc_sketch@BLEND is AVAILABLE (CB)
WdgMtb: ACCESS blendcapends@BLEND is unavailable (CB)
WdgMtb: ACCESS SldSrf@BLEND is AVAILABLE (CB)
WdgMtb: ACCESS Trim@BLEND is AVAILABLE (CB)
WdgMtb: ACCESS BlendThinChk@FEATMENU@BLEND is AVAILABLE (CB)
WdgMtb: ACCESS SketSelRG@dashsketselopt@BLEND is AVAILABLE (CB)
WdgMtb: ACCESS DefineRmbBtn@FEATMENU@BLEND is invisible (UI)
WdgMtb: ACCESS SketchRmbBtn@FEATMENU@BLEND is invisible (UI)
WdgMtb: ACCESS loc_sketch@BLEND is AVAILABLE (CB)
WdgMtb: ACCESS blendcapends@BLEND is unavailable (CB)
WdgMtb: ACCESS SldSrf@BLEND is AVAILABLE (CB)
WdgMtb: ACCESS Trim@BLEND is AVAILABLE (CB)
WdgMtb: ACCESS BlendThinChk@FEATMENU@BLEND is AVAILABLE (CB)
WdgMtb: ACCESS SketSelRG@dashsketselopt@BLEND is AVAILABLE (CB)
WdgMtb: ACCESS DefineRmbBtn@FEATMENU@BLEND is invisible (UI)
WdgMtb: ACCESS SketchRmbBtn@FEATMENU@BLEND is invisible (UI)
WdgMtb: ACCESS loc_sketch@BLEND is unavailable (CB)
WdgMtb: ACCESS blendcapends@BLEND is unavailable (CB)
WdgMtb: ACCESS SldSrf@BLEND is AVAILABLE (CB)
WdgMtb: ACCESS Trim@BLEND is AVAILABLE (CB)
WdgMtb: ACCESS BlendThinChk@FEATMENU@BLEND is AVAILABLE (CB)
WdgMtb: ACCESS SketSelRG@dashsketselopt@BLEND is AVAILABLE (CB)
WdgMtb: ACCESS DefineRmbBtn@FEATMENU@BLEND is invisible (UI)
WdgMtb: ACCESS SketchRmbBtn@FEATMENU@BLEND is invisible (UI)
WdgMtb: ACCESS loc_sketch@BLEND is unavailable (CB)
WdgMtb: ACCESS blendcapends@BLEND is unavailable (CB)
WdgMtb: ACCESS SldSrf@BLEND is AVAILABLE (CB)
WdgMtb: ACCESS Trim@BLEND is AVAILABLE (CB)
WdgMtb: ACCESS BlendThinChk@FEATMENU@BLEND is AVAILABLE (CB)
WdgMtb: ACCESS SketSelRG@dashsketselopt@BLEND is AVAILABLE (CB)
WdgMtb: ACCESS DefineRmbBtn@FEATMENU@BLEND is invisible (UI)
WdgMtb: ACCESS SketchRmbBtn@FEATMENU@BLEND is invisible (UI)
WdgMtb: ACCESS loc_sketch@BLEND is AVAILABLE (CB)
WdgMtb: ACCESS blendcapends@BLEND is unavailable (CB)
WdgMtb: ACCESS SldSrf@BLEND is invisible (UI)
WdgMtb: ACCESS Trim@BLEND is invisible (UI)
WdgMtb: ACCESS BlendThinChk@FEATMENU@BLEND is invisible (UI)
WdgMtb: ACCESS SketSelRG@dashsketselopt@BLEND is invisible (UI)
WdgMtb: ACCESS DefineRmbBtn@FEATMENU@BLEND is invisible (UI)
WdgMtb: ACCESS SketchRmbBtn@FEATMENU@BLEND is invisible (UI)
WdgMtb: ACCESS loc_sketch@BLEND is invisible (UI)
WdgMtb: ACCESS blendcapends@BLEND is invisible (UI)
WdgMtb: ACCESS SldSrf@BLEND is invisible (UI)
WdgMtb: ACCESS Trim@BLEND is invisible (UI)
WdgMtb: ACCESS BlendThinChk@FEATMENU@BLEND is invisible (UI)
WdgMtb: ACCESS SketSelRG@dashsketselopt@BLEND is invisible (UI)
WdgMtb: ACCESS DefineRmbBtn@FEATMENU@BLEND is invisible (UI)
WdgMtb: ACCESS SketchRmbBtn@FEATMENU@BLEND is invisible (UI)
WdgMtb: ACCESS loc_sketch@BLEND is invisible (UI)
WdgMtb: ACCESS blendcapends@BLEND is invisible (UI)
WdgMtb: ACCESS SldSrf@BLEND is invisible (UI)
WdgMtb: ACCESS Trim@BLEND is invisible (UI)
WdgMtb: ACCESS BlendThinChk@FEATMENU@BLEND is invisible (UI)
WdgMtb: ACCESS SketSelRG@dashsketselopt@BLEND is invisible (UI)
WdgMtb: ACCESS DefineRmbBtn@FEATMENU@BLEND is invisible (UI)
WdgMtb: ACCESS SketchRmbBtn@FEATMENU@BLEND is invisible (UI)
WdgMtb: ACCESS loc_sketch@BLEND is invisible (UI)
WdgMtb: ACCESS blendcapends@BLEND is invisible (UI)
WdgMtb: ACCESS SldSrf@BLEND is invisible (UI)
WdgMtb: ACCESS Trim@BLEND is invisible (UI)
WdgMtb: ACCESS BlendThinChk@FEATMENU@BLEND is invisible (UI)
WdgMtb: ACCESS SketSelRG@dashsketselopt@BLEND is invisible (UI)
WdgMtb: ACCESS DefineRmbBtn@FEATMENU@BLEND is invisible (UI)
WdgMtb: ACCESS SketchRmbBtn@FEATMENU@BLEND is invisible (UI)
WdgMtb: ACCESS loc_sketch@BLEND is invisible (UI)
WdgMtb: ACCESS blendcapends@BLEND is invisible (UI)
WdgMtb: ACCESS SldSrf@BLEND is invisible (UI)
WdgMtb: ACCESS Trim@BLEND is invisible (UI)
WdgMtb: ACCESS BlendThinChk@FEATMENU@BLEND is invisible (UI)
WdgMtb: ACCESS SketSelRG@dashsketselopt@BLEND is invisible (UI)
WdgMtb: ACCESS DefineRmbBtn@FEATMENU@BLEND is invisible (UI)
WdgMtb: ACCESS SketchRmbBtn@FEATMENU@BLEND is invisible (UI)
WdgMtb: ACCESS loc_sketch@BLEND is invisible (UI)
WdgMtb: ACCESS blendcapends@BLEND is invisible (UI)
WdgMtb: ACCESS SldSrf@BLEND is invisible (UI)
WdgMtb: ACCESS Trim@BLEND is invisible (UI)
WdgMtb: ACCESS BlendThinChk@FEATMENU@BLEND is invisible (UI)
WdgMtb: ACCESS SketSelRG@dashsketselopt@BLEND is invisible (UI)
WdgMtb: ACCESS DefineRmbBtn@FEATMENU@BLEND is invisible (UI)
WdgMtb: ACCESS SketchRmbBtn@FEATMENU@BLEND is invisible (UI)
WdgMtb: ACCESS loc_sketch@BLEND is invisible (UI)
WdgMtb: ACCESS blendcapends@BLEND is invisible (UI)
WdgMtb: ACCESS SldSrf@BLEND is invisible (UI)
WdgMtb: ACCESS Trim@BLEND is invisible (UI)
WdgMtb: ACCESS BlendThinChk@FEATMENU@BLEND is invisible (UI)
WdgMtb: ACCESS SketSelRG@dashsketselopt@BLEND is invisible (UI)
WdgMtb: ACCESS DefineRmbBtn@FEATMENU@BLEND is invisible (UI)
WdgMtb: ACCESS SketchRmbBtn@FEATMENU@BLEND is invisible (UI)
WdgMtb: ACCESS loc_sketch@BLEND is invisible (UI)
WdgMtb: ACCESS blendcapends@BLEND is invisible (UI)
WdgMtb: ACCESS SldSrf@BLEND is invisible (UI)
WdgMtb: ACCESS Trim@BLEND is invisible (UI)
WdgMtb: ACCESS BlendThinChk@FEATMENU@BLEND is invisible (UI)
WdgMtb: ACCESS SketSelRG@dashsketselopt@BLEND is invisible (UI)
WdgMtb: ACCESS DefineRmbBtn@FEATMENU@BLEND is invisible (UI)
WdgMtb: ACCESS SketchRmbBtn@FEATMENU@BLEND is invisible (UI)
WdgMtb: ACCESS loc_sketch@BLEND is invisible (UI)
WdgMtb: ACCESS blendcapends@BLEND is invisible (UI)
WdgMtb: ACCESS SldSrf@BLEND is invisible (UI)
WdgMtb: ACCESS Trim@BLEND is invisible (UI)
WdgMtb: ACCESS BlendThinChk@FEATMENU@BLEND is invisible (UI)
WdgMtb: ACCESS SketSelRG@dashsketselopt@BLEND is invisible (UI)
WdgMtb: ACCESS DefineRmbBtn@FEATMENU@BLEND is invisible (UI)
WdgMtb: ACCESS SketchRmbBtn@FEATMENU@BLEND is invisible (UI)
WdgMtb: ACCESS loc_sketch@BLEND is invisible (UI)
WdgMtb: ACCESS blendcapends@BLEND is invisible (UI)
WdgMtb: ACCESS SldSrf@BLEND is invisible (UI)
WdgMtb: ACCESS Trim@BLEND is invisible (UI)
WdgMtb: ACCESS BlendThinChk@FEATMENU@BLEND is invisible (UI)
WdgMtb: ACCESS SketSelRG@dashsketselopt@BLEND is invisible (UI)
WdgMtb: ACCESS DefineRmbBtn@FEATMENU@BLEND is invisible (UI)
WdgMtb: ACCESS SketchRmbBtn@FEATMENU@BLEND is invisible (UI)
WdgMtb: ACCESS loc_sketch@BLEND is invisible (UI)
WdgMtb: ACCESS blendcapends@BLEND is invisible (UI)
WdgMtb: ACCESS SldSrf@BLEND is invisible (UI)
WdgMtb: ACCESS Trim@BLEND is invisible (UI)
WdgMtb: ACCESS BlendThinChk@FEATMENU@BLEND is invisible (UI)
WdgMtb: ACCESS SketSelRG@dashsketselopt@BLEND is invisible (UI)
WdgMtb: ACCESS DefineRmbBtn@FEATMENU@BLEND is invisible (UI)
WdgMtb: ACCESS SketchRmbBtn@FEATMENU@BLEND is invisible (UI)
WdgMtb: ACCESS loc_sketch@BLEND is invisible (UI)
WdgMtb: ACCESS blendcapends@BLEND is invisible (UI)
WdgMtb: ACCESS SldSrf@BLEND is invisible (UI)
WdgMtb: ACCESS Trim@BLEND is invisible (UI)
WdgMtb: ACCESS BlendThinChk@FEATMENU@BLEND is invisible (UI)
WdgMtb: ACCESS SketSelRG@dashsketselopt@BLEND is invisible (UI)
WdgMtb: ACCESS DefineRmbBtn@FEATMENU@BLEND is invisible (UI)
WdgMtb: ACCESS SketchRmbBtn@FEATMENU@BLEND is invisible (UI)
WdgMtb: ACCESS loc_sketch@BLEND is invisible (UI)
WdgMtb: ACCESS blendcapends@BLEND is invisible (UI)
WdgMtb: ACCESS SldSrf@BLEND is invisible (UI)
WdgMtb: ACCESS Trim@BLEND is invisible (UI)
WdgMtb: ACCESS BlendThinChk@FEATMENU@BLEND is invisible (UI)
WdgMtb: ACCESS SketSelRG@dashsketselopt@BLEND is invisible (UI)
WdgMtb: ACCESS DefineRmbBtn@FEATMENU@BLEND is invisible (UI)
WdgMtb: ACCESS SketchRmbBtn@FEATMENU@BLEND is invisible (UI)
WdgMtb: ACCESS loc_sketch@BLEND is invisible (UI)
WdgMtb: ACCESS blendcapends@BLEND is invisible (UI)
added rg_transition record: rg_id_tab={} 0added rg_transition record: rg_id_tab={} 0added rg_transition record: rg_id_tab={} 0added rg_transition record: rg_id_tab={} 0added rg_transition record: rg_id_tab={} 0added rg_transition record: rg_id_tab={} 0added rg_transition record: rg_id_tab={} 0added rg_transition record: rg_id_tab={} 0added rg_transition record: rg_id_tab={} 0added rg_transition record: rg_id_tab={} 1added rg_transition record: rg_id_tab={} 1added rg_transition record: rg_id_tab={} 1added rg_transition record: rg_id_tab={} 1WdgMtb: ACCESS SldSrf@BLEND is invisible (UI)
WdgMtb: ACCESS Trim@BLEND is invisible (UI)
WdgMtb: ACCESS BlendThinChk@FEATMENU@BLEND is invisible (UI)
WdgMtb: ACCESS SketSelRG@dashsketselopt@BLEND is invisible (UI)
WdgMtb: ACCESS DefineRmbBtn@FEATMENU@BLEND is invisible (UI)
WdgMtb: ACCESS SketchRmbBtn@FEATMENU@BLEND is invisible (UI)
WdgMtb: ACCESS loc_sketch@BLEND is invisible (UI)
WdgMtb: ACCESS blendcapends@BLEND is invisible (UI)
WdgMtb: ACCESS SldSrf@BLEND is invisible (UI)
WdgMtb: ACCESS Trim@BLEND is invisible (UI)
WdgMtb: ACCESS BlendThinChk@FEATMENU@BLEND is invisible (UI)
WdgMtb: ACCESS SketSelRG@dashsketselopt@BLEND is invisible (UI)
WdgMtb: ACCESS DefineRmbBtn@FEATMENU@BLEND is invisible (UI)
WdgMtb: ACCESS SketchRmbBtn@FEATMENU@BLEND is invisible (UI)
WdgMtb: ACCESS loc_sketch@BLEND is invisible (UI)
WdgMtb: ACCESS blendcapends@BLEND is invisible (UI)
added rg_transition record: rg_id_tab={} 0added rg_transition record: rg_id_tab={} 0added rg_transition record: rg_id_tab={} 0added rg_transition record: rg_id_tab={} 1added rg_transition record: rg_id_tab={} 1added rg_transition record: rg_id_tab={} 1added rg_transition record: rg_id_tab={} 1added rg_transition record: rg_id_tab={} 1added rg_transition record: rg_id_tab={} 1added rg_transition record: rg_id_tab={} 1added rg_transition record: rg_id_tab={} 1added rg_transition record: rg_id_tab={} 1added rg_transition record: rg_id_tab={} 1added rg_transition record: rg_id_tab={} 1added rg_transition record: rg_id_tab={} 1added rg_transition record: rg_id_tab={} 1added rg_transition record: rg_id_tab={} 1added rg_transition record: rg_id_tab={} 1added rg_transition record: rg_id_tab={} 1added rg_transition record: rg_id_tab={} 1added rg_transition record: rg_id_tab={} 1added rg_transition record: rg_id_tab={} 1added rg_transition record: rg_id_tab={} 1added rg_transition record: rg_id_tab={} 1added rg_transition record: rg_id_tab={} 1added rg_transition record: rg_id_tab={} 1added rg_transition record: rg_id_tab={} 1WdgMtb: ACCESS SldSrf@BLEND is invisible (UI)
WdgMtb: ACCESS Trim@BLEND is invisible (UI)
WdgMtb: ACCESS BlendThinChk@FEATMENU@BLEND is invisible (UI)
WdgMtb: ACCESS SketSelRG@dashsketselopt@BLEND is invisible (UI)
WdgMtb: ACCESS DefineRmbBtn@FEATMENU@BLEND is invisible (UI)
WdgMtb: ACCESS SketchRmbBtn@FEATMENU@BLEND is invisible (UI)
WdgMtb: ACCESS loc_sketch@BLEND is invisible (UI)
WdgMtb: ACCESS blendcapends@BLEND is invisible (UI)
WdgMtb: ACCESS SldSrf@BLEND is invisible (UI)
WdgMtb: ACCESS Trim@BLEND is invisible (UI)
WdgMtb: ACCESS BlendThinChk@FEATMENU@BLEND is invisible (UI)
WdgMtb: ACCESS SketSelRG@dashsketselopt@BLEND is invisible (UI)
WdgMtb: ACCESS DefineRmbBtn@FEATMENU@BLEND is invisible (UI)
WdgMtb: ACCESS SketchRmbBtn@FEATMENU@BLEND is invisible (UI)
WdgMtb: ACCESS loc_sketch@BLEND is invisible (UI)
WdgMtb: ACCESS blendcapends@BLEND is invisible (UI)
added rg_transition record: rg_id_tab={} 1added rg_transition record: rg_id_tab={} 1added rg_transition record: rg_id_tab={} 1added rg_transition record: rg_id_tab={} 1added rg_transition record: rg_id_tab={} 1added rg_transition record: rg_id_tab={} 1added rg_transition record: rg_id_tab={} 1added rg_transition record: rg_id_tab={} 1added rg_transition record: rg_id_tab={} 1WdgMtb: ACCESS SldSrf@BLEND is invisible (UI)
WdgMtb: ACCESS Trim@BLEND is invisible (UI)
WdgMtb: ACCESS BlendThinChk@FEATMENU@BLEND is invisible (UI)
WdgMtb: ACCESS SketSelRG@dashsketselopt@BLEND is invisible (UI)
WdgMtb: ACCESS DefineRmbBtn@FEATMENU@BLEND is invisible (UI)
WdgMtb: ACCESS SketchRmbBtn@FEATMENU@BLEND is invisible (UI)
WdgMtb: ACCESS loc_sketch@BLEND is invisible (UI)
WdgMtb: ACCESS blendcapends@BLEND is invisible (UI)
WdgMtb: ACCESS SldSrf@BLEND is invisible (UI)
WdgMtb: ACCESS Trim@BLEND is invisible (UI)
WdgMtb: ACCESS BlendThinChk@FEATMENU@BLEND is invisible (UI)
WdgMtb: ACCESS SketSelRG@dashsketselopt@BLEND is invisible (UI)
WdgMtb: ACCESS DefineRmbBtn@FEATMENU@BLEND is invisible (UI)
WdgMtb: ACCESS SketchRmbBtn@FEATMENU@BLEND is invisible (UI)
WdgMtb: ACCESS loc_sketch@BLEND is invisible (UI)
WdgMtb: ACCESS blendcapends@BLEND is invisible (UI)
WdgMtb: ACCESS SldSrf@BLEND is invisible (UI)
WdgMtb: ACCESS Trim@BLEND is invisible (UI)
WdgMtb: ACCESS BlendThinChk@FEATMENU@BLEND is invisible (UI)
WdgMtb: ACCESS SketSelRG@dashsketselopt@BLEND is invisible (UI)
WdgMtb: ACCESS DefineRmbBtn@FEATMENU@BLEND is invisible (UI)
WdgMtb: ACCESS SketchRmbBtn@FEATMENU@BLEND is invisible (UI)
WdgMtb: ACCESS loc_sketch@BLEND is invisible (UI)
WdgMtb: ACCESS blendcapends@BLEND is invisible (UI)
WdgMtb: ACCESS SldSrf@BLEND is AVAILABLE (CB)
WdgMtb: ACCESS Trim@BLEND is AVAILABLE (CB)
WdgMtb: ACCESS BlendThinChk@FEATMENU@BLEND is AVAILABLE (CB)
WdgMtb: ACCESS SketSelRG@dashsketselopt@BLEND is AVAILABLE (CB)
WdgMtb: ACCESS DefineRmbBtn@FEATMENU@BLEND is invisible (UI)
WdgMtb: ACCESS SketchRmbBtn@FEATMENU@BLEND is invisible (UI)
WdgMtb: ACCESS loc_sketch@BLEND is AVAILABLE (CB)
WdgMtb: ACCESS blendcapends@BLEND is unavailable (CB)
WdgMtb: ACCESS SldSrf@BLEND is AVAILABLE (CB)
WdgMtb: ACCESS Trim@BLEND is AVAILABLE (CB)
WdgMtb: ACCESS BlendThinChk@FEATMENU@BLEND is AVAILABLE (CB)
WdgMtb: ACCESS SketSelRG@dashsketselopt@BLEND is AVAILABLE (CB)
WdgMtb: ACCESS DefineRmbBtn@FEATMENU@BLEND is invisible (UI)
WdgMtb: ACCESS SketchRmbBtn@FEATMENU@BLEND is invisible (UI)
WdgMtb: ACCESS loc_sketch@BLEND is AVAILABLE (CB)
WdgMtb: ACCESS blendcapends@BLEND is unavailable (CB)
WdgMtb: ACCESS SldSrf@BLEND is AVAILABLE (CB)
WdgMtb: ACCESS Trim@BLEND is AVAILABLE (CB)
WdgMtb: ACCESS BlendThinChk@FEATMENU@BLEND is AVAILABLE (CB)
WdgMtb: ACCESS SketSelRG@dashsketselopt@BLEND is AVAILABLE (CB)
WdgMtb: ACCESS DefineRmbBtn@FEATMENU@BLEND is invisible (UI)
WdgMtb: ACCESS SketchRmbBtn@FEATMENU@BLEND is invisible (UI)
WdgMtb: ACCESS loc_sketch@BLEND is AVAILABLE (CB)
WdgMtb: ACCESS blendcapends@BLEND is unavailable (CB)
WdgMtb: ACCESS SldSrf@BLEND is AVAILABLE (CB)
WdgMtb: ACCESS Trim@BLEND is AVAILABLE (CB)
WdgMtb: ACCESS BlendThinChk@FEATMENU@BLEND is AVAILABLE (CB)
WdgMtb: ACCESS SketSelRG@dashsketselopt@BLEND is AVAILABLE (CB)
WdgMtb: ACCESS DefineRmbBtn@FEATMENU@BLEND is invisible (UI)
WdgMtb: ACCESS SketchRmbBtn@FEATMENU@BLEND is invisible (UI)
WdgMtb: ACCESS loc_sketch@BLEND is AVAILABLE (CB)
WdgMtb: ACCESS blendcapends@BLEND is unavailable (CB)
WdgMtb: ACCESS SldSrf@BLEND is AVAILABLE (CB)
WdgMtb: ACCESS Trim@BLEND is AVAILABLE (CB)
WdgMtb: ACCESS BlendThinChk@FEATMENU@BLEND is AVAILABLE (CB)
WdgMtb: ACCESS SketSelRG@dashsketselopt@BLEND is AVAILABLE (CB)
WdgMtb: ACCESS DefineRmbBtn@FEATMENU@BLEND is invisible (UI)
WdgMtb: ACCESS SketchRmbBtn@FEATMENU@BLEND is invisible (UI)
WdgMtb: ACCESS loc_sketch@BLEND is AVAILABLE (CB)
WdgMtb: ACCESS blendcapends@BLEND is unavailable (CB)
WdgMtb: ACCESS SldSrf@BLEND is AVAILABLE (CB)
WdgMtb: ACCESS Trim@BLEND is AVAILABLE (CB)
WdgMtb: ACCESS BlendThinChk@FEATMENU@BLEND is AVAILABLE (CB)
WdgMtb: ACCESS SketSelRG@dashsketselopt@BLEND is AVAILABLE (CB)
WdgMtb: ACCESS DefineRmbBtn@FEATMENU@BLEND is invisible (UI)
WdgMtb: ACCESS SketchRmbBtn@FEATMENU@BLEND is invisible (UI)
WdgMtb: ACCESS loc_sketch@BLEND is AVAILABLE (CB)
WdgMtb: ACCESS blendcapends@BLEND is unavailable (CB)
WdgMtb: ACCESS SldSrf@BLEND is AVAILABLE (CB)
WdgMtb: ACCESS Trim@BLEND is AVAILABLE (CB)
WdgMtb: ACCESS BlendThinChk@FEATMENU@BLEND is AVAILABLE (CB)
WdgMtb: ACCESS SketSelRG@dashsketselopt@BLEND is AVAILABLE (CB)
WdgMtb: ACCESS DefineRmbBtn@FEATMENU@BLEND is invisible (UI)
WdgMtb: ACCESS SketchRmbBtn@FEATMENU@BLEND is invisible (UI)
WdgMtb: ACCESS loc_sketch@BLEND is AVAILABLE (CB)
WdgMtb: ACCESS blendcapends@BLEND is unavailable (CB)
WdgMtb: ACCESS SldSrf@BLEND is AVAILABLE (CB)
WdgMtb: ACCESS Trim@BLEND is AVAILABLE (CB)
WdgMtb: ACCESS BlendThinChk@FEATMENU@BLEND is AVAILABLE (CB)
WdgMtb: ACCESS SketSelRG@dashsketselopt@BLEND is AVAILABLE (CB)
WdgMtb: ACCESS DefineRmbBtn@FEATMENU@BLEND is invisible (UI)
WdgMtb: ACCESS SketchRmbBtn@FEATMENU@BLEND is invisible (UI)
WdgMtb: ACCESS loc_sketch@BLEND is AVAILABLE (CB)
WdgMtb: ACCESS blendcapends@BLEND is unavailable (CB)
WdgMtb: ACCESS SldSrf@BLEND is invisible (UI)
WdgMtb: ACCESS Trim@BLEND is invisible (UI)
WdgMtb: ACCESS BlendThinChk@FEATMENU@BLEND is invisible (UI)
WdgMtb: ACCESS SketSelRG@dashsketselopt@BLEND is invisible (UI)
WdgMtb: ACCESS DefineRmbBtn@FEATMENU@BLEND is invisible (UI)
WdgMtb: ACCESS SketchRmbBtn@FEATMENU@BLEND is invisible (UI)
WdgMtb: ACCESS loc_sketch@BLEND is invisible (UI)
WdgMtb: ACCESS blendcapends@BLEND is invisible (UI)
WdgMtb: ACCESS SldSrf@BLEND is invisible (UI)
WdgMtb: ACCESS Trim@BLEND is invisible (UI)
WdgMtb: ACCESS BlendThinChk@FEATMENU@BLEND is invisible (UI)
WdgMtb: ACCESS SketSelRG@dashsketselopt@BLEND is invisible (UI)
WdgMtb: ACCESS DefineRmbBtn@FEATMENU@BLEND is invisible (UI)
WdgMtb: ACCESS SketchRmbBtn@FEATMENU@BLEND is invisible (UI)
WdgMtb: ACCESS loc_sketch@BLEND is invisible (UI)
WdgMtb: ACCESS blendcapends@BLEND is invisible (UI)
WdgMtb: ACCESS SldSrf@BLEND is invisible (UI)
WdgMtb: ACCESS Trim@BLEND is invisible (UI)
WdgMtb: ACCESS BlendThinChk@FEATMENU@BLEND is invisible (UI)
WdgMtb: ACCESS SketSelRG@dashsketselopt@BLEND is invisible (UI)
WdgMtb: ACCESS DefineRmbBtn@FEATMENU@BLEND is invisible (UI)
WdgMtb: ACCESS SketchRmbBtn@FEATMENU@BLEND is invisible (UI)
WdgMtb: ACCESS loc_sketch@BLEND is invisible (UI)
WdgMtb: ACCESS blendcapends@BLEND is invisible (UI)
WdgMtb: ACCESS SldSrf@BLEND is invisible (UI)
WdgMtb: ACCESS Trim@BLEND is invisible (UI)
WdgMtb: ACCESS BlendThinChk@FEATMENU@BLEND is invisible (UI)
WdgMtb: ACCESS SketSelRG@dashsketselopt@BLEND is invisible (UI)
WdgMtb: ACCESS DefineRmbBtn@FEATMENU@BLEND is invisible (UI)
WdgMtb: ACCESS SketchRmbBtn@FEATMENU@BLEND is invisible (UI)
WdgMtb: ACCESS loc_sketch@BLEND is invisible (UI)
WdgMtb: ACCESS blendcapends@BLEND is invisible (UI)
WdgMtb: ACCESS SldSrf@BLEND is invisible (UI)
WdgMtb: ACCESS Trim@BLEND is invisible (UI)
WdgMtb: ACCESS BlendThinChk@FEATMENU@BLEND is invisible (UI)
WdgMtb: ACCESS SketSelRG@dashsketselopt@BLEND is invisible (UI)
WdgMtb: ACCESS DefineRmbBtn@FEATMENU@BLEND is invisible (UI)
WdgMtb: ACCESS SketchRmbBtn@FEATMENU@BLEND is invisible (UI)
WdgMtb: ACCESS loc_sketch@BLEND is invisible (UI)
WdgMtb: ACCESS blendcapends@BLEND is invisible (UI)
WdgMtb: ACCESS SldSrf@BLEND is invisible (UI)
WdgMtb: ACCESS Trim@BLEND is invisible (UI)
WdgMtb: ACCESS BlendThinChk@FEATMENU@BLEND is invisible (UI)
WdgMtb: ACCESS SketSelRG@dashsketselopt@BLEND is invisible (UI)
WdgMtb: ACCESS DefineRmbBtn@FEATMENU@BLEND is invisible (UI)
WdgMtb: ACCESS SketchRmbBtn@FEATMENU@BLEND is invisible (UI)
WdgMtb: ACCESS loc_sketch@BLEND is invisible (UI)
WdgMtb: ACCESS blendcapends@BLEND is invisible (UI)
WdgMtb: ACCESS SldSrf@BLEND is invisible (UI)
WdgMtb: ACCESS Trim@BLEND is invisible (UI)
WdgMtb: ACCESS BlendThinChk@FEATMENU@BLEND is invisible (UI)
WdgMtb: ACCESS SketSelRG@dashsketselopt@BLEND is invisible (UI)
WdgMtb: ACCESS DefineRmbBtn@FEATMENU@BLEND is invisible (UI)
WdgMtb: ACCESS SketchRmbBtn@FEATMENU@BLEND is invisible (UI)
WdgMtb: ACCESS loc_sketch@BLEND is invisible (UI)
WdgMtb: ACCESS blendcapends@BLEND is invisible (UI)
WdgMtb: ACCESS SldSrf@BLEND is invisible (UI)
WdgMtb: ACCESS Trim@BLEND is invisible (UI)
WdgMtb: ACCESS BlendThinChk@FEATMENU@BLEND is invisible (UI)
WdgMtb: ACCESS SketSelRG@dashsketselopt@BLEND is invisible (UI)
WdgMtb: ACCESS DefineRmbBtn@FEATMENU@BLEND is invisible (UI)
WdgMtb: ACCESS SketchRmbBtn@FEATMENU@BLEND is invisible (UI)
WdgMtb: ACCESS loc_sketch@BLEND is invisible (UI)
WdgMtb: ACCESS blendcapends@BLEND is invisible (UI)
WdgMtb: ACCESS SldSrf@BLEND is invisible (UI)
WdgMtb: ACCESS Trim@BLEND is invisible (UI)
WdgMtb: ACCESS BlendThinChk@FEATMENU@BLEND is invisible (UI)
WdgMtb: ACCESS SketSelRG@dashsketselopt@BLEND is invisible (UI)
WdgMtb: ACCESS DefineRmbBtn@FEATMENU@BLEND is invisible (UI)
WdgMtb: ACCESS SketchRmbBtn@FEATMENU@BLEND is invisible (UI)
WdgMtb: ACCESS loc_sketch@BLEND is invisible (UI)
WdgMtb: ACCESS blendcapends@BLEND is invisible (UI)
WdgMtb: ACCESS SldSrf@BLEND is AVAILABLE (CB)
WdgMtb: ACCESS Trim@BLEND is AVAILABLE (CB)
WdgMtb: ACCESS BlendThinChk@FEATMENU@BLEND is AVAILABLE (CB)
WdgMtb: ACCESS SketSelRG@dashsketselopt@BLEND is AVAILABLE (CB)
WdgMtb: ACCESS DefineRmbBtn@FEATMENU@BLEND is invisible (UI)
WdgMtb: ACCESS SketchRmbBtn@FEATMENU@BLEND is invisible (UI)
WdgMtb: ACCESS loc_sketch@BLEND is AVAILABLE (CB)
WdgMtb: ACCESS blendcapends@BLEND is unavailable (CB)
WdgMtb: ACCESS SldSrf@BLEND is AVAILABLE (CB)
WdgMtb: ACCESS Trim@BLEND is AVAILABLE (CB)
WdgMtb: ACCESS BlendThinChk@FEATMENU@BLEND is AVAILABLE (CB)
WdgMtb: ACCESS SketSelRG@dashsketselopt@BLEND is AVAILABLE (CB)
WdgMtb: ACCESS DefineRmbBtn@FEATMENU@BLEND is invisible (UI)
WdgMtb: ACCESS SketchRmbBtn@FEATMENU@BLEND is invisible (UI)
WdgMtb: ACCESS loc_sketch@BLEND is AVAILABLE (CB)
WdgMtb: ACCESS blendcapends@BLEND is unavailable (CB)
WdgMtb: ACCESS SldSrf@BLEND is AVAILABLE (CB)
WdgMtb: ACCESS Trim@BLEND is AVAILABLE (CB)
WdgMtb: ACCESS BlendThinChk@FEATMENU@BLEND is AVAILABLE (CB)
WdgMtb: ACCESS SketSelRG@dashsketselopt@BLEND is AVAILABLE (CB)
WdgMtb: ACCESS DefineRmbBtn@FEATMENU@BLEND is invisible (UI)
WdgMtb: ACCESS SketchRmbBtn@FEATMENU@BLEND is invisible (UI)
WdgMtb: ACCESS loc_sketch@BLEND is AVAILABLE (CB)
WdgMtb: ACCESS blendcapends@BLEND is unavailable (CB)
WdgMtb: ACCESS depth1_om@EXTRUSION is AVAILABLE (CB)
WdgMtb: ACCESS depth1_om@EXTRUSION is AVAILABLE (CB)
WdgMtb: ACCESS depth1_om@EXTRUSION is AVAILABLE (CB)
WdgMtb: ACCESS depth1_om@EXTRUSION is AVAILABLE (CB)
WdgMtb: ACCESS depth2_set_popup@extrev_feature_popup@EXTRUSION is AVAILABLE (CB)
WdgMtb: ACCESS depth1_om@EXTRUSION is AVAILABLE (CB)
WdgMtb: ACCESS depth2_set_popup@extrev_feature_popup@EXTRUSION is AVAILABLE (CB)
WdgMtb: ACCESS depth1_om@EXTRUSION is AVAILABLE (CB)
WdgMtb: ACCESS depth2_set_popup@extrev_feature_popup@EXTRUSION is AVAILABLE (CB)
WdgMtb: ACCESS depth1_om@EXTRUSION is AVAILABLE (CB)
WdgMtb: ACCESS depth1_om@EXTRUSION is AVAILABLE (CB)
WdgMtb: ACCESS depth2_set_popup@extrev_feature_popup@EXTRUSION is AVAILABLE (CB)
WdgMtb: ACCESS depth1_om@EXTRUSION is AVAILABLE (CB)
WdgMtb: ACCESS depth2_set_popup@extrev_feature_popup@EXTRUSION is AVAILABLE (CB)
WdgMtb: ACCESS depth1_om@EXTRUSION is AVAILABLE (CB)
WdgMtb: ACCESS depth1_om@EXTRUSION is AVAILABLE (CB)
WdgMtb: ACCESS depth1_om@EXTRUSION is AVAILABLE (CB)
WdgMtb: ACCESS depth1_om@EXTRUSION is AVAILABLE (CB)
WdgMtb: ACCESS depth2_set_popup@extrev_feature_popup@EXTRUSION is AVAILABLE (CB)
WdgMtb: ACCESS depth1_om@EXTRUSION is AVAILABLE (CB)
WdgMtb: ACCESS depth2_set_popup@extrev_feature_popup@EXTRUSION is AVAILABLE (CB)
WdgMtb: ACCESS depth1_om@EXTRUSION is AVAILABLE (CB)
WdgMtb: ACCESS depth2_set_popup@extrev_feature_popup@EXTRUSION is AVAILABLE (CB)
WdgMtb: ACCESS depth1_om@EXTRUSION is AVAILABLE (CB)
WdgMtb: ACCESS depth2_set_popup@extrev_feature_popup@EXTRUSION is AVAILABLE (CB)
WdgMtb: ACCESS depth1_om@EXTRUSION is AVAILABLE (CB)
WdgMtb: ACCESS depth2_set_popup@extrev_feature_popup@EXTRUSION is AVAILABLE (CB)
WdgMtb: ACCESS depth1_om@EXTRUSION is AVAILABLE (CB)
WdgMtb: ACCESS depth2_set_popup@extrev_feature_popup@EXTRUSION is AVAILABLE (CB)
WdgMtb: ACCESS Conic@ROUND is AVAILABLE (CB)
WdgMtb: ACCESS Conic@ROUND is AVAILABLE (CB)
WdgMtb: ACCESS Conic@ROUND is AVAILABLE (CB)
WdgMtb: ACCESS Conic@ROUND is AVAILABLE (CB)
WdgMtb: ACCESS roundflip@ROUND is unavailable (CB)
WdgMtb: ACCESS AddRadius@Dr0@ROUND is AVAILABLE (CB)
WdgMtb: ACCESS DelRadius@Dr0@ROUND is invisible (UI)
WdgMtb: ACCESS Conic@ROUND is AVAILABLE (CB)
WdgMtb: ACCESS roundflip@ROUND is unavailable (CB)
WdgMtb: ACCESS AddRadius@Dr0@ROUND is AVAILABLE (CB)
WdgMtb: ACCESS DelRadius@Dr0@ROUND is invisible (UI)
WdgMtb: ACCESS Conic@ROUND is AVAILABLE (CB)
WdgMtb: ACCESS roundflip@ROUND is unavailable (CB)
WdgMtb: ACCESS AddRadius@Dr0@ROUND is AVAILABLE (CB)
WdgMtb: ACCESS DelRadius@Dr0@ROUND is invisible (UI)
WdgMtb: ACCESS Conic@ROUND is AVAILABLE (CB)
WdgMtb: ACCESS Conic@ROUND is AVAILABLE (CB)
WdgMtb: ACCESS roundflip@ROUND is unavailable (CB)
WdgMtb: ACCESS AddRadius@Dr0@ROUND is AVAILABLE (CB)
WdgMtb: ACCESS DelRadius@Dr0@ROUND is invisible (UI)
WdgMtb: ACCESS Conic@ROUND is AVAILABLE (CB)
WdgMtb: ACCESS roundflip@ROUND is unavailable (CB)
WdgMtb: ACCESS AddRadius@Dr0@ROUND is AVAILABLE (CB)
WdgMtb: ACCESS DelRadius@Dr0@ROUND is invisible (UI)
WdgMtb: ACCESS Conic@ROUND is AVAILABLE (CB)
WdgMtb: ACCESS Conic@ROUND is AVAILABLE (CB)
WdgMtb: ACCESS Conic@ROUND is AVAILABLE (CB)
WdgMtb: ACCESS Conic@ROUND is AVAILABLE (CB)
WdgMtb: ACCESS roundflip@ROUND is unavailable (CB)
WdgMtb: ACCESS AddRadius@Dr0@ROUND is AVAILABLE (CB)
WdgMtb: ACCESS DelRadius@Dr0@ROUND is invisible (UI)
WdgMtb: ACCESS Conic@ROUND is AVAILABLE (CB)
WdgMtb: ACCESS roundflip@ROUND is unavailable (CB)
WdgMtb: ACCESS AddRadius@Dr0@ROUND is AVAILABLE (CB)
WdgMtb: ACCESS DelRadius@Dr0@ROUND is invisible (UI)
WdgMtb: ACCESS Conic@ROUND is AVAILABLE (CB)
WdgMtb: ACCESS roundflip@ROUND is unavailable (CB)
WdgMtb: ACCESS AddRadius@Dr0@ROUND is AVAILABLE (CB)
WdgMtb: ACCESS DelRadius@Dr0@ROUND is invisible (UI)
WdgMtb: ACCESS Conic@ROUND is AVAILABLE (CB)
WdgMtb: ACCESS roundflip@ROUND is unavailable (CB)
WdgMtb: ACCESS AddRadius@Dr0@ROUND is AVAILABLE (CB)
WdgMtb: ACCESS DelRadius@Dr0@ROUND is invisible (UI)
WdgMtb: ACCESS Conic@ROUND is AVAILABLE (CB)
WdgMtb: ACCESS roundflip@ROUND is unavailable (CB)
WdgMtb: ACCESS AddRadius@Dr0@ROUND is AVAILABLE (CB)
WdgMtb: ACCESS DelRadius@Dr0@ROUND is invisible (UI)
WdgMtb: ACCESS Conic@ROUND is AVAILABLE (CB)
WdgMtb: ACCESS roundflip@ROUND is unavailable (CB)
WdgMtb: ACCESS AddRadius@Dr0@ROUND is AVAILABLE (CB)
WdgMtb: ACCESS DelRadius@Dr0@ROUND is invisible (UI)
WdgMtb: ACCESS Conic@ROUND is AVAILABLE (CB)
WdgMtb: ACCESS roundflip@ROUND is unavailable (CB)
WdgMtb: ACCESS AddRadius@Dr0@ROUND is AVAILABLE (CB)
WdgMtb: ACCESS DelRadius@Dr0@ROUND is invisible (UI)
